{"uuid":"6884052e-f672-41b4-b62e-89d59cd5487c","historyId":"a5c9e7fb6538729abbe744ef93ec1c0d","fullName":"apiTesting.MCaaS.showAllEnterprises","labels":[{"name":"package","value":"apiTesting.MCaaS"},{"name":"testClass","value":"apiTesting.MCaaS"},{"name":"testMethod","value":"showAllEnterprises"},{"name":"parentSuite","value":"Suite"},{"name":"suite","value":"Test"},{"name":"subSuite","value":"apiTesting.MCaaS"},{"name":"host","value":"Varun"},{"name":"thread","value":"11844@Varun.main(1)"},{"name":"framework","value":"testng"},{"name":"language","value":"java"}],"links":[],"name":"showAllEnterprises","status":"broken","statusDetails":{"known":false,"muted":false,"flaky":false,"message":"Invalid JSON expression:\r\nScript1.groovy: 1: Unexpected input: ',' @ line 1, column 31.\r\n                            data,enterprises\r\n                                 ^\r\n\r\n1 error\r\n","trace":"java.lang.IllegalArgumentException: Invalid JSON expression:\r\nScript1.groovy: 1: Unexpected input: ',' @ line 1, column 31.\r\n                            data,enterprises\r\n                                 ^\r\n\r\n1 error\r\n\r\n\tat java.base/jdk.internal.reflect.NativeConstructorAccessorImpl.newInstance0(Native Method)\r\n\tat java.base/jdk.internal.reflect.NativeConstructorAccessorImpl.newInstance(NativeConstructorAccessorImpl.java:78)\r\n\tat java.base/jdk.internal.reflect.DelegatingConstructorAccessorImpl.newInstance(DelegatingConstructorAccessorImpl.java:45)\r\n\tat java.base/java.lang.reflect.Constructor.newInstanceWithCaller(Constructor.java:499)\r\n\tat java.base/java.lang.reflect.Constructor.newInstance(Constructor.java:480)\r\n\tat org.codehaus.groovy.reflection.CachedConstructor.invoke(CachedConstructor.java:73)\r\n\tat org.codehaus.groovy.runtime.callsite.ConstructorSite$ConstructorSiteNoUnwrapNoCoerce.callConstructor(ConstructorSite.java:108)\r\n\tat org.codehaus.groovy.runtime.callsite.CallSiteArray.defaultCallConstructor(CallSiteArray.java:58)\r\n\tat org.codehaus.groovy.runtime.callsite.AbstractCallSite.callConstructor(AbstractCallSite.java:263)\r\n\tat org.codehaus.groovy.runtime.callsite.AbstractCallSite.callConstructor(AbstractCallSite.java:286)\r\n\tat io.restassured.internal.path.json.JSONAssertion.getAsJsonObject(JSONAssertion.groovy:57)\r\n\tat io.restassured.internal.path.json.JSONAssertion$getAsJsonObject.callCurrent(Unknown Source)\r\n\tat io.restassured.internal.path.json.JSONAssertion.getResult(JSONAssertion.groovy:28)\r\n\tat io.restassured.path.json.JsonPath.get(JsonPath.java:203)\r\n\tat io.restassured.path.json.JsonPath.getList(JsonPath.java:375)\r\n\tat apiTesting.MCaaS.showAllEnterprises(MCaaS.java:75)\r\n\tat java.base/jdk.internal.reflect.NativeMethodAccessorImpl.invoke0(Native Method)\r\n\tat java.base/jdk.internal.reflect.NativeMethodAccessorImpl.invoke(NativeMethodAccessorImpl.java:78)\r\n\tat java.base/jdk.internal.reflect.DelegatingMethodAccessorImpl.invoke(DelegatingMethodAccessorImpl.java:43)\r\n\tat java.base/java.lang.reflect.Method.invoke(Method.java:567)\r\n\tat org.testng.internal.invokers.MethodInvocationHelper.invokeMethod(MethodInvocationHelper.java:139)\r\n\tat org.testng.internal.invokers.TestInvoker.invokeMethod(TestInvoker.java:677)\r\n\tat org.testng.internal.invokers.TestInvoker.invokeTestMethod(TestInvoker.java:221)\r\n\tat org.testng.internal.invokers.MethodRunner.runInSequence(MethodRunner.java:50)\r\n\tat org.testng.internal.invokers.TestInvoker$MethodInvocationAgent.invoke(TestInvoker.java:962)\r\n\tat org.testng.internal.invokers.TestInvoker.invokeTestMethods(TestInvoker.java:194)\r\n\tat org.testng.internal.invokers.TestMethodWorker.invokeTestMethods(TestMethodWorker.java:148)\r\n\tat org.testng.internal.invokers.TestMethodWorker.run(TestMethodWorker.java:128)\r\n\tat java.base/java.util.ArrayList.forEach(ArrayList.java:1511)\r\n\tat org.testng.TestRunner.privateRun(TestRunner.java:806)\r\n\tat org.testng.TestRunner.run(TestRunner.java:601)\r\n\tat org.testng.SuiteRunner.runTest(SuiteRunner.java:433)\r\n\tat org.testng.SuiteRunner.runSequentially(SuiteRunner.java:427)\r\n\tat org.testng.SuiteRunner.privateRun(SuiteRunner.java:387)\r\n\tat org.testng.SuiteRunner.run(SuiteRunner.java:330)\r\n\tat org.testng.SuiteRunnerWorker.runSuite(SuiteRunnerWorker.java:52)\r\n\tat org.testng.SuiteRunnerWorker.run(SuiteRunnerWorker.java:95)\r\n\tat org.testng.TestNG.runSuitesSequentially(TestNG.java:1256)\r\n\tat org.testng.TestNG.runSuitesLocally(TestNG.java:1176)\r\n\tat org.testng.TestNG.runSuites(TestNG.java:1099)\r\n\tat org.testng.TestNG.run(TestNG.java:1067)\r\n\tat org.testng.remote.AbstractRemoteTestNG.run(AbstractRemoteTestNG.java:115)\r\n\tat org.testng.remote.RemoteTestNG.initAndRun(RemoteTestNG.java:251)\r\n\tat org.testng.remote.RemoteTestNG.main(RemoteTestNG.java:77)\r\nCaused by: org.codehaus.groovy.control.MultipleCompilationErrorsException: startup failed:\r\nScript1.groovy: 1: Unexpected input: ',' @ line 1, column 31.\r\n   restAssuredJsonRootObject.data,enterprises\r\n                                 ^\r\n\r\n1 error\r\n\r\n\tat org.codehaus.groovy.control.ErrorCollector.failIfErrors(ErrorCollector.java:292)\r\n\tat org.codehaus.groovy.control.ErrorCollector.addFatalError(ErrorCollector.java:148)\r\n\tat org.apache.groovy.parser.antlr4.AstBuilder.collectSyntaxError(AstBuilder.java:5059)\r\n\tat org.apache.groovy.parser.antlr4.AstBuilder.access$100(AstBuilder.java:378)\r\n\tat org.apache.groovy.parser.antlr4.AstBuilder$3.syntaxError(AstBuilder.java:5070)\r\n\tat groovyjarjarantlr4.v4.runtime.ProxyErrorListener.syntaxError(ProxyErrorListener.java:44)\r\n\tat groovyjarjarantlr4.v4.runtime.Parser.notifyErrorListeners(Parser.java:543)\r\n\tat groovyjarjarantlr4.v4.runtime.DefaultErrorStrategy.notifyErrorListeners(DefaultErrorStrategy.java:154)\r\n\tat org.apache.groovy.parser.antlr4.internal.DescriptiveErrorStrategy.reportInputMismatch(DescriptiveErrorStrategy.java:104)\r\n\tat org.apache.groovy.parser.antlr4.internal.DescriptiveErrorStrategy.recover(DescriptiveErrorStrategy.java:55)\r\n\tat org.apache.groovy.parser.antlr4.internal.DescriptiveErrorStrategy.recoverInline(DescriptiveErrorStrategy.java:68)\r\n\tat groovyjarjarantlr4.v4.runtime.Parser.match(Parser.java:213)\r\n\tat org.apache.groovy.parser.antlr4.GroovyParser.compilationUnit(GroovyParser.java:368)\r\n\tat org.apache.groovy.parser.antlr4.AstBuilder.buildCST(AstBuilder.java:452)\r\n\tat org.apache.groovy.parser.antlr4.AstBuilder.buildCST(AstBuilder.java:430)\r\n\tat org.apache.groovy.parser.antlr4.AstBuilder.buildAST(AstBuilder.java:471)\r\n\tat org.apache.groovy.parser.antlr4.Antlr4ParserPlugin.buildAST(Antlr4ParserPlugin.java:58)\r\n\tat org.codehaus.groovy.control.SourceUnit.buildAST(SourceUnit.java:250)\r\n\tat java.base/java.util.Iterator.forEachRemaining(Iterator.java:133)\r\n\tat java.base/java.util.Spliterators$IteratorSpliterator.forEachRemaining(Spliterators.java:1801)\r\n\tat java.base/java.util.stream.ReferencePipeline$Head.forEach(ReferencePipeline.java:762)\r\n\tat org.codehaus.groovy.control.CompilationUnit.compile(CompilationUnit.java:624)\r\n\tat groovy.lang.GroovyClassLoader.doParseClass(GroovyClassLoader.java:368)\r\n\tat groovy.lang.GroovyClassLoader.lambda$parseClass$2(GroovyClassLoader.java:311)\r\n\tat org.codehaus.groovy.runtime.memoize.StampedCommonCache.compute(StampedCommonCache.java:163)\r\n\tat org.codehaus.groovy.runtime.memoize.StampedCommonCache.getAndPut(StampedCommonCache.java:154)\r\n\tat groovy.lang.GroovyClassLoader.parseClass(GroovyClassLoader.java:309)\r\n\tat groovy.lang.GroovyShell.parseClass(GroovyShell.java:543)\r\n\tat groovy.lang.GroovyShell.parse(GroovyShell.java:556)\r\n\tat groovy.lang.GroovyShell.parse(GroovyShell.java:568)\r\n\tat groovy.lang.GroovyShell.evaluate(GroovyShell.java:431)\r\n\tat groovy.lang.GroovyShell.evaluate(GroovyShell.java:466)\r\n\tat groovy.lang.GroovyShell.evaluate(GroovyShell.java:441)\r\n\tat java.base/jdk.internal.reflect.NativeMethodAccessorImpl.invoke0(Native Method)\r\n\tat java.base/jdk.internal.reflect.NativeMethodAccessorImpl.invoke(NativeMethodAccessorImpl.java:78)\r\n\tat java.base/jdk.internal.reflect.DelegatingMethodAccessorImpl.invoke(DelegatingMethodAccessorImpl.java:43)\r\n\tat java.base/java.lang.reflect.Method.invoke(Method.java:567)\r\n\tat org.codehaus.groovy.runtime.callsite.PlainObjectMetaMethodSite.doInvoke(PlainObjectMetaMethodSite.java:43)\r\n\tat org.codehaus.groovy.runtime.callsite.PogoMetaMethodSite$PogoCachedMethodSiteNoUnwrap.invoke(PogoMetaMethodSite.java:186)\r\n\tat org.codehaus.groovy.runtime.callsite.PogoMetaMethodSite.call(PogoMetaMethodSite.java:75)\r\n\tat org.codehaus.groovy.runtime.callsite.AbstractCallSite.call(AbstractCallSite.java:139)\r\n\tat io.restassured.internal.path.json.JSONAssertion.eval(JSONAssertion.groovy:80)\r\n\tat io.restassured.internal.path.json.JSONAssertion.this$2$eval(JSONAssertion.groovy)\r\n\tat java.base/jdk.internal.reflect.NativeMethodAccessorImpl.invoke0(Native Method)\r\n\tat java.base/jdk.internal.reflect.NativeMethodAccessorImpl.invoke(NativeMethodAccessorImpl.java:78)\r\n\tat java.base/jdk.internal.reflect.DelegatingMethodAccessorImpl.invoke(DelegatingMethodAccessorImpl.java:43)\r\n\tat java.base/java.lang.reflect.Method.invoke(Method.java:567)\r\n\tat org.codehaus.groovy.runtime.callsite.PlainObjectMetaMethodSite.doInvoke(PlainObjectMetaMethodSite.java:43)\r\n\tat org.codehaus.groovy.runtime.callsite.PogoMetaMethodSite$PogoCachedMethodSiteNoUnwrapNoCoerce.invoke(PogoMetaMethodSite.java:198)\r\n\tat org.codehaus.groovy.runtime.callsite.PogoMetaMethodSite.callCurrent(PogoMetaMethodSite.java:62)\r\n\tat org.codehaus.groovy.runtime.callsite.AbstractCallSite.callCurrent(AbstractCallSite.java:203)\r\n\tat io.restassured.internal.path.json.JSONAssertion.getAsJsonObject(JSONAssertion.groovy:46)\r\n\t... 33 more\r\n"},"stage":"finished","steps":[],"attachments":[],"parameters":[],"start":1654766672770,"stop":1654766674862}