{"uuid":"aab16755-582e-4062-97ce-2cf6ef70df04","historyId":"517cbb036298bf845bacebd50f9c8a94","fullName":"testCases.LoginPage.dataDrivenTesting","labels":[{"name":"package","value":"testCases.LoginPage"},{"name":"testClass","value":"testCases.LoginPage"},{"name":"testMethod","value":"dataDrivenTesting"},{"name":"parentSuite","value":"Suite"},{"name":"suite","value":"Test"},{"name":"subSuite","value":"testCases.LoginPage"},{"name":"host","value":"Varun"},{"name":"thread","value":"816@Varun.main(1)"},{"name":"framework","value":"testng"},{"name":"language","value":"java"}],"links":[],"name":"dataDrivenTesting","status":"broken","statusDetails":{"known":false,"muted":false,"flaky":false,"message":"java.io.FileNotFoundException: C:\\Users\\demo\\eclipse-workspace\\seleniumFramework\\src\\test\\java\\testData (Access is denied)","trace":"java.lang.RuntimeException: java.io.FileNotFoundException: C:\\Users\\demo\\eclipse-workspace\\seleniumFramework\\src\\test\\java\\testData (Access is denied)\r\n\tat org.testng.internal.invokers.MethodInvocationHelper.invokeMethodNoCheckedException(MethodInvocationHelper.java:57)\r\n\tat org.testng.internal.invokers.MethodInvocationHelper.invokeDataProvider(MethodInvocationHelper.java:157)\r\n\tat org.testng.internal.Parameters.handleParameters(Parameters.java:791)\r\n\tat org.testng.internal.Parameters.handleParameters(Parameters.java:728)\r\n\tat org.testng.internal.invokers.ParameterHandler.handleParameters(ParameterHandler.java:72)\r\n\tat org.testng.internal.invokers.ParameterHandler.createParameters(ParameterHandler.java:51)\r\n\tat org.testng.internal.invokers.TestInvoker$MethodInvocationAgent.invoke(TestInvoker.java:917)\r\n\tat org.testng.internal.invokers.TestInvoker.invokeTestMethods(TestInvoker.java:194)\r\n\tat org.testng.internal.invokers.TestMethodWorker.invokeTestMethods(TestMethodWorker.java:148)\r\n\tat org.testng.internal.invokers.TestMethodWorker.run(TestMethodWorker.java:128)\r\n\tat java.base/java.util.ArrayList.forEach(ArrayList.java:1511)\r\n\tat org.testng.TestRunner.privateRun(TestRunner.java:806)\r\n\tat org.testng.TestRunner.run(TestRunner.java:601)\r\n\tat org.testng.SuiteRunner.runTest(SuiteRunner.java:433)\r\n\tat org.testng.SuiteRunner.runSequentially(SuiteRunner.java:427)\r\n\tat org.testng.SuiteRunner.privateRun(SuiteRunner.java:387)\r\n\tat org.testng.SuiteRunner.run(SuiteRunner.java:330)\r\n\tat org.testng.SuiteRunnerWorker.runSuite(SuiteRunnerWorker.java:52)\r\n\tat org.testng.SuiteRunnerWorker.run(SuiteRunnerWorker.java:95)\r\n\tat org.testng.TestNG.runSuitesSequentially(TestNG.java:1256)\r\n\tat org.testng.TestNG.runSuitesLocally(TestNG.java:1176)\r\n\tat org.testng.TestNG.runSuites(TestNG.java:1099)\r\n\tat org.testng.TestNG.run(TestNG.java:1067)\r\n\tat org.testng.remote.AbstractRemoteTestNG.run(AbstractRemoteTestNG.java:115)\r\n\tat org.testng.remote.RemoteTestNG.initAndRun(RemoteTestNG.java:251)\r\n\tat org.testng.remote.RemoteTestNG.main(RemoteTestNG.java:77)\r\nCaused by: java.io.FileNotFoundException: C:\\Users\\demo\\eclipse-workspace\\seleniumFramework\\src\\test\\java\\testData (Access is denied)\r\n\tat java.base/java.io.FileInputStream.open0(Native Method)\r\n\tat java.base/java.io.FileInputStream.open(FileInputStream.java:211)\r\n\tat java.base/java.io.FileInputStream.<init>(FileInputStream.java:153)\r\n\tat java.base/java.io.FileInputStream.<init>(FileInputStream.java:108)\r\n\tat utils.ExcelUtils.getRowCount(ExcelUtils.java:27)\r\n\tat testCases.LoginPage.getData(LoginPage.java:116)\r\n\tat java.base/jdk.internal.reflect.NativeMethodAccessorImpl.invoke0(Native Method)\r\n\tat java.base/jdk.internal.reflect.NativeMethodAccessorImpl.invoke(NativeMethodAccessorImpl.java:78)\r\n\tat java.base/jdk.internal.reflect.DelegatingMethodAccessorImpl.invoke(DelegatingMethodAccessorImpl.java:43)\r\n\tat java.base/java.lang.reflect.Method.invoke(Method.java:567)\r\n\tat org.testng.internal.invokers.MethodInvocationHelper.invokeMethod(MethodInvocationHelper.java:139)\r\n\tat org.testng.internal.invokers.MethodInvocationHelper.invokeMethod(MethodInvocationHelper.java:84)\r\n\tat org.testng.internal.invokers.MethodInvocationHelper.invokeMethodNoCheckedException(MethodInvocationHelper.java:53)\r\n\t... 25 more\r\n"},"stage":"finished","steps":[],"attachments":[],"parameters":[],"start":1654241899504,"stop":1654241899508}